<?xml version="1.0" encoding="UTF-8"?>
<testng-results skipped="0" failed="0" total="1" passed="1">
  <reporter-output>
  </reporter-output>
  <suite name="Suite" duration-ms="26169" started-at="2022-02-15T07:38:23Z" finished-at="2022-02-15T07:38:49Z">
    <groups>
    </groups>
    <test name="Test" duration-ms="26169" started-at="2022-02-15T07:38:23Z" finished-at="2022-02-15T07:38:49Z">
      <class name="testpackage.MavenTest1">
        <test-method status="PASS" signature="beforeTest()[pri:0, instance:testpackage.MavenTest1@1fe20588]" name="beforeTest" is-config="true" duration-ms="4" started-at="2022-02-15T13:08:23Z" finished-at="2022-02-15T13:08:23Z">
          <reporter-output>
          </reporter-output>
        </test-method> <!-- beforeTest -->
        <test-method status="PASS" signature="test()[pri:0, instance:testpackage.MavenTest1@1fe20588]" name="test" duration-ms="25526" started-at="2022-02-15T13:08:23Z" finished-at="2022-02-15T13:08:48Z">
          <reporter-output>
          </reporter-output>
        </test-method> <!-- test -->
        <test-method status="PASS" signature="afterTest()[pri:0, instance:testpackage.MavenTest1@1fe20588]" name="afterTest" is-config="true" duration-ms="629" started-at="2022-02-15T13:08:48Z" finished-at="2022-02-15T13:08:49Z">
          <reporter-output>
          </reporter-output>
        </test-method> <!-- afterTest -->
      </class> <!-- testpackage.MavenTest1 -->
    </test> <!-- Test -->
  </suite> <!-- Suite -->
</testng-results>
